obj\Release\netstandard2.1\blazor\linker\Blazor.Extensions.Canvas.dll
obj\Release\netstandard2.1\blazor\linker\Blazor.Extensions.Canvas.JS.dll
obj\Release\netstandard2.1\blazor\linker\BlazorGalaga.dll
obj\Release\netstandard2.1\blazor\linker\Howler.Blazor.dll
obj\Release\netstandard2.1\blazor\linker\Microsoft.AspNetCore.Components.dll
obj\Release\netstandard2.1\blazor\linker\Microsoft.AspNetCore.Components.Web.dll
obj\Release\netstandard2.1\blazor\linker\Microsoft.AspNetCore.Components.WebAssembly.dll
obj\Release\netstandard2.1\blazor\linker\Microsoft.Bcl.AsyncInterfaces.dll
obj\Release\netstandard2.1\blazor\linker\Microsoft.Extensions.Configuration.Abstractions.dll
obj\Release\netstandard2.1\blazor\linker\Microsoft.Extensions.Configuration.dll
obj\Release\netstandard2.1\blazor\linker\Microsoft.Extensions.Configuration.Json.dll
obj\Release\netstandard2.1\blazor\linker\Microsoft.Extensions.DependencyInjection.Abstractions.dll
obj\Release\netstandard2.1\blazor\linker\Microsoft.Extensions.DependencyInjection.dll
obj\Release\netstandard2.1\blazor\linker\Microsoft.Extensions.Logging.Abstractions.dll
obj\Release\netstandard2.1\blazor\linker\Microsoft.Extensions.Logging.dll
obj\Release\netstandard2.1\blazor\linker\Microsoft.Extensions.Options.dll
obj\Release\netstandard2.1\blazor\linker\Microsoft.Extensions.Primitives.dll
obj\Release\netstandard2.1\blazor\linker\Microsoft.JSInterop.dll
obj\Release\netstandard2.1\blazor\linker\Microsoft.JSInterop.WebAssembly.dll
obj\Release\netstandard2.1\blazor\linker\mscorlib.dll
obj\Release\netstandard2.1\blazor\linker\System.Core.dll
obj\Release\netstandard2.1\blazor\linker\System.dll
obj\Release\netstandard2.1\blazor\linker\System.Drawing.Common.dll
obj\Release\netstandard2.1\blazor\linker\System.Net.Http.dll
obj\Release\netstandard2.1\blazor\linker\System.Net.Http.WebAssemblyHttpHandler.dll
obj\Release\netstandard2.1\blazor\linker\System.Numerics.dll
obj\Release\netstandard2.1\blazor\linker\System.Runtime.CompilerServices.Unsafe.dll
obj\Release\netstandard2.1\blazor\linker\System.Text.Encodings.Web.dll
obj\Release\netstandard2.1\blazor\linker\System.Text.Json.dll
obj\Release\netstandard2.1\blazor\linker\WebAssembly.Bindings.dll
obj\Release\netstandard2.1\blazor\linker\Blazor.Extensions.Canvas.pdb
obj\Release\netstandard2.1\blazor\linker\BlazorGalaga.pdb
